# JRE version: Java(TM) SE Runtime Environment (8.0_65-b17) (build 1.8.0_65-b17)
# Java VM: Java HotSpot(TM) 64-Bit Server VM (25.65-b01 mixed mode linux-amd64 compressed oops)
Heap:
 PSYoungGen      total 37888K, used 6634K [0x00000000d6400000, 0x00000000da980000, 0x0000000100000000)
  eden space 32768K, 4% used [0x00000000d6400000,0x00000000d657cda0,0x00000000d8400000)
  from space 5120K, 99% used [0x00000000d8400000,0x00000000d88fdc40,0x00000000d8900000)
  to   space 5120K, 0% used [0x00000000da480000,0x00000000da480000,0x00000000da980000)
 ParOldGen       total 86016K, used 21968K [0x0000000082c00000, 0x0000000088000000, 0x00000000d6400000)
  object space 86016K, 25% used [0x0000000082c00000,0x00000000841740d0,0x0000000088000000)
 Metaspace       used 17620K, capacity 18594K, committed 18816K, reserved 1064960K
  class space    used 2476K, capacity 2683K, committed 2688K, reserved 1048576K
GC Heap History (6 events):
Event: 1,173 GC heap before
{Heap before GC invocations=1 (full 0):
 PSYoungGen      total 37888K, used 32768K [0x00000000d6400000, 0x00000000d8e00000, 0x0000000100000000)
  eden space 32768K, 100% used [0x00000000d6400000,0x00000000d8400000,0x00000000d8400000)
  from space 5120K, 0% used [0x00000000d8900000,0x00000000d8900000,0x00000000d8e00000)
  to   space 5120K, 0% used [0x00000000d8400000,0x00000000d8400000,0x00000000d8900000)
 ParOldGen       total 86016K, used 0K [0x0000000082c00000, 0x0000000088000000, 0x00000000d6400000)
  object space 86016K, 0% used [0x0000000082c00000,0x0000000082c00000,0x0000000088000000)
 Metaspace       used 15399K, capacity 16226K, committed 16384K, reserved 1062912K
  class space    used 2274K, capacity 2471K, committed 2560K, reserved 1048576K
Event: 1,192 GC heap after
Heap after GC invocations=1 (full 0):
 PSYoungGen      total 37888K, used 5074K [0x00000000d6400000, 0x00000000dae00000, 0x0000000100000000)
  eden space 32768K, 0% used [0x00000000d6400000,0x00000000d6400000,0x00000000d8400000)
  from space 5120K, 99% used [0x00000000d8400000,0x00000000d88f4ac0,0x00000000d8900000)
  to   space 5120K, 0% used [0x00000000da900000,0x00000000da900000,0x00000000dae00000)
 ParOldGen       total 86016K, used 80K [0x0000000082c00000, 0x0000000088000000, 0x00000000d6400000)
  object space 86016K, 0% used [0x0000000082c00000,0x0000000082c14010,0x0000000088000000)
 Metaspace       used 15399K, capacity 16226K, committed 16384K, reserved 1062912K
  class space    used 2274K, capacity 2471K, committed 2560K, reserved 1048576K
}
Event: 13,390 GC heap before
{Heap before GC invocations=2 (full 0):
 PSYoungGen      total 37888K, used 37842K [0x00000000d6400000, 0x00000000dae00000, 0x0000000100000000)
  eden space 32768K, 100% used [0x00000000d6400000,0x00000000d8400000,0x00000000d8400000)
  from space 5120K, 99% used [0x00000000d8400000,0x00000000d88f4ac0,0x00000000d8900000)
  to   space 5120K, 0% used [0x00000000da900000,0x00000000da900000,0x00000000dae00000)
 ParOldGen       total 86016K, used 80K [0x0000000082c00000, 0x0000000088000000, 0x00000000d6400000)
  object space 86016K, 0% used [0x0000000082c00000,0x0000000082c14010,0x0000000088000000)
 Metaspace       used 17163K, capacity 17966K, committed 18048K, reserved 1064960K
  class space    used 2445K, capacity 2645K, committed 2688K, reserved 1048576K
Event: 13,412 GC heap after
Heap after GC invocations=2 (full 0):
 PSYoungGen      total 37888K, used 5114K [0x00000000d6400000, 0x00000000dae00000, 0x0000000100000000)
  eden space 32768K, 0% used [0x00000000d6400000,0x00000000d6400000,0x00000000d8400000)
  from space 5120K, 99% used [0x00000000da900000,0x00000000dadfe818,0x00000000dae00000)
  to   space 5120K, 0% used [0x00000000d8400000,0x00000000d8400000,0x00000000d8900000)
 ParOldGen       total 86016K, used 12647K [0x0000000082c00000, 0x0000000088000000, 0x00000000d6400000)
  object space 86016K, 14% used [0x0000000082c00000,0x0000000083859c10,0x0000000088000000)
 Metaspace       used 17163K, capacity 17966K, committed 18048K, reserved 1064960K
  class space    used 2445K, capacity 2645K, committed 2688K, reserved 1048576K
}
Event: 23,157 GC heap before
{Heap before GC invocations=3 (full 0):
 PSYoungGen      total 37888K, used 37403K [0x00000000d6400000, 0x00000000dae00000, 0x0000000100000000)
  eden space 32768K, 98% used [0x00000000d6400000,0x00000000d8388688,0x00000000d8400000)
  from space 5120K, 99% used [0x00000000da900000,0x00000000dadfe818,0x00000000dae00000)
  to   space 5120K, 0% used [0x00000000d8400000,0x00000000d8400000,0x00000000d8900000)
 ParOldGen       total 86016K, used 12647K [0x0000000082c00000, 0x0000000088000000, 0x00000000d6400000)
  object space 86016K, 14% used [0x0000000082c00000,0x0000000083859c10,0x0000000088000000)
 Metaspace       used 17620K, capacity 18594K, committed 18816K, reserved 1064960K
  class space    used 2476K, capacity 2683K, committed 2688K, reserved 1048576K
Event: 23,174 GC heap after
Heap after GC invocations=3 (full 0):
 PSYoungGen      total 37888K, used 5111K [0x00000000d6400000, 0x00000000da980000, 0x0000000100000000)
  eden space 32768K, 0% used [0x00000000d6400000,0x00000000d6400000,0x00000000d8400000)
  from space 5120K, 99% used [0x00000000d8400000,0x00000000d88fdc40,0x00000000d8900000)
  to   space 5120K, 0% used [0x00000000da480000,0x00000000da480000,0x00000000da980000)
 ParOldGen       total 86016K, used 21968K [0x0000000082c00000, 0x0000000088000000, 0x00000000d6400000)
  object space 86016K, 25% used [0x0000000082c00000,0x00000000841740d0,0x0000000088000000)
 Metaspace       used 17620K, capacity 18594K, committed 18816K, reserved 1064960K
  class space    used 2476K, capacity 2683K, committed 2688K, reserved 1048576K
}

